<?xml version="1.0" encoding="UTF-8"?>
<!-- Generated by org.testng.reporters.JUnitXMLReporter -->
<testsuite ignored="0" hostname="Abhishek" failures="0" tests="4" name="chrome test " time="43.423" errors="0" timestamp="2024-05-22T00:13:52 IST">
  <testcase classname="Day_4.Parallel_testing_parallel" name="testlog" time="1.077"/>
  <testcase classname="Day_4.Parallel_url" name="testlog" time="0.036"/>
  <testcase classname="Day_4.Parallel_testing_parallel" name="testhomepagetitle" time="0.01"/>
  <testcase classname="Day_4.Parallel_url" name="testhomepagetitle" time="0.01"/>
</testsuite> <!-- chrome test  -->
