<?xml version="1.0" encoding="UTF-8"?>
<!-- Generated by org.testng.reporters.JUnitXMLReporter -->
<testsuite ignored="0" hostname="Abhishek" failures="0" tests="4" name="myTest" time="72.483" errors="0" timestamp="2024-05-22T00:14:21 IST">
  <testcase classname="Day_4.Parallel_testing_parallel" name="testlog" time="0.041"/>
  <testcase classname="Day_4.Parallel_url" name="testlog" time="0.041"/>
  <testcase classname="Day_4.Parallel_testing_parallel" name="testhomepagetitle" time="0.012"/>
  <testcase classname="Day_4.Parallel_url" name="testhomepagetitle" time="0.025"/>
</testsuite> <!-- myTest -->
