<?xml version="1.0" encoding="UTF-8"?>
<testng-results ignored="0" total="8" passed="8" failed="0" skipped="0">
  <reporter-output>
  </reporter-output>
  <suite started-at="2024-05-22T00:13:08 IST" name="mySuite" finished-at="2024-05-22T00:14:21 IST" duration-ms="72483">
    <groups>
    </groups>
    <test started-at="2024-05-22T00:13:08 IST" name="chrome test " finished-at="2024-05-22T00:13:52 IST" duration-ms="43423">
      <class name="Day_4.Parallel_testing_parallel">
        <test-method is-config="true" signature="setup(java.lang.String)[pri:0, instance:Day_4.Parallel_testing_parallel@738dc9b]" started-at="2024-05-22T00:13:08 IST" name="setup" finished-at="2024-05-22T00:13:28 IST" duration-ms="19648" status="PASS">
          <params>
            <param index="0">
              <value>
                <![CDATA[chrome]]>
              </value>
            </param>
          </params>
          <reporter-output>
          </reporter-output>
        </test-method> <!-- setup -->
        <test-method signature="testlog()[pri:1, instance:Day_4.Parallel_testing_parallel@738dc9b]" started-at="2024-05-22T00:13:28 IST" name="testlog" finished-at="2024-05-22T00:13:29 IST" duration-ms="1077" status="PASS">
          <reporter-output>
          </reporter-output>
        </test-method> <!-- testlog -->
        <test-method signature="testhomepagetitle()[pri:2, instance:Day_4.Parallel_testing_parallel@738dc9b]" started-at="2024-05-22T00:13:51 IST" name="testhomepagetitle" finished-at="2024-05-22T00:13:51 IST" duration-ms="10" status="PASS">
          <reporter-output>
          </reporter-output>
        </test-method> <!-- testhomepagetitle -->
        <test-method is-config="true" signature="closeapp()[pri:0, instance:Day_4.Parallel_testing_parallel@738dc9b]" started-at="2024-05-22T00:13:51 IST" name="closeapp" finished-at="2024-05-22T00:13:52 IST" duration-ms="63" status="PASS">
          <reporter-output>
          </reporter-output>
        </test-method> <!-- closeapp -->
      </class> <!-- Day_4.Parallel_testing_parallel -->
      <class name="Day_4.Parallel_url">
        <test-method is-config="true" signature="setup(java.lang.String,java.lang.String)[pri:0, instance:Day_4.Parallel_url@4145bad8]" started-at="2024-05-22T00:13:29 IST" name="setup" finished-at="2024-05-22T00:13:51 IST" duration-ms="22517" status="PASS">
          <params>
            <param index="0">
              <value>
                <![CDATA[chrome]]>
              </value>
            </param>
            <param index="1">
              <value>
                <![CDATA[https://opensource-demo.orangehrmlive.com/web/index.php/auth/login]]>
              </value>
            </param>
          </params>
          <reporter-output>
          </reporter-output>
        </test-method> <!-- setup -->
        <test-method signature="testlog()[pri:1, instance:Day_4.Parallel_url@4145bad8]" started-at="2024-05-22T00:13:51 IST" name="testlog" finished-at="2024-05-22T00:13:51 IST" duration-ms="36" status="PASS">
          <reporter-output>
          </reporter-output>
        </test-method> <!-- testlog -->
        <test-method signature="testhomepagetitle()[pri:2, instance:Day_4.Parallel_url@4145bad8]" started-at="2024-05-22T00:13:52 IST" name="testhomepagetitle" finished-at="2024-05-22T00:13:52 IST" duration-ms="10" status="PASS">
          <reporter-output>
          </reporter-output>
        </test-method> <!-- testhomepagetitle -->
        <test-method is-config="true" signature="closeapp()[pri:0, instance:Day_4.Parallel_url@4145bad8]" started-at="2024-05-22T00:13:52 IST" name="closeapp" finished-at="2024-05-22T00:13:52 IST" duration-ms="26" status="PASS">
          <reporter-output>
          </reporter-output>
        </test-method> <!-- closeapp -->
      </class> <!-- Day_4.Parallel_url -->
    </test> <!-- chrome test  -->
    <test started-at="2024-05-22T00:13:08 IST" name="myTest" finished-at="2024-05-22T00:14:21 IST" duration-ms="72483">
      <class name="Day_4.Parallel_testing_parallel">
        <test-method is-config="true" signature="setup(java.lang.String)[pri:0, instance:Day_4.Parallel_testing_parallel@59505b48]" started-at="2024-05-22T00:13:08 IST" name="setup" finished-at="2024-05-22T00:13:41 IST" duration-ms="32581" status="PASS">
          <params>
            <param index="0">
              <value>
                <![CDATA[edge]]>
              </value>
            </param>
          </params>
          <reporter-output>
          </reporter-output>
        </test-method> <!-- setup -->
        <test-method signature="testlog()[pri:1, instance:Day_4.Parallel_testing_parallel@59505b48]" started-at="2024-05-22T00:13:41 IST" name="testlog" finished-at="2024-05-22T00:13:41 IST" duration-ms="41" status="PASS">
          <reporter-output>
          </reporter-output>
        </test-method> <!-- testlog -->
        <test-method signature="testhomepagetitle()[pri:2, instance:Day_4.Parallel_testing_parallel@59505b48]" started-at="2024-05-22T00:14:20 IST" name="testhomepagetitle" finished-at="2024-05-22T00:14:20 IST" duration-ms="12" status="PASS">
          <reporter-output>
          </reporter-output>
        </test-method> <!-- testhomepagetitle -->
        <test-method is-config="true" signature="closeapp()[pri:0, instance:Day_4.Parallel_testing_parallel@59505b48]" started-at="2024-05-22T00:14:20 IST" name="closeapp" finished-at="2024-05-22T00:14:21 IST" duration-ms="56" status="PASS">
          <reporter-output>
          </reporter-output>
        </test-method> <!-- closeapp -->
      </class> <!-- Day_4.Parallel_testing_parallel -->
      <class name="Day_4.Parallel_url">
        <test-method is-config="true" signature="setup(java.lang.String,java.lang.String)[pri:0, instance:Day_4.Parallel_url@54e1c68b]" started-at="2024-05-22T00:13:41 IST" name="setup" finished-at="2024-05-22T00:14:20 IST" duration-ms="39616" status="PASS">
          <params>
            <param index="0">
              <value>
                <![CDATA[edge]]>
              </value>
            </param>
            <param index="1">
              <value>
                <![CDATA[https://opensource-demo.orangehrmlive.com/web/index.php/auth/login]]>
              </value>
            </param>
          </params>
          <reporter-output>
          </reporter-output>
        </test-method> <!-- setup -->
        <test-method signature="testlog()[pri:1, instance:Day_4.Parallel_url@54e1c68b]" started-at="2024-05-22T00:14:20 IST" name="testlog" finished-at="2024-05-22T00:14:20 IST" duration-ms="41" status="PASS">
          <reporter-output>
          </reporter-output>
        </test-method> <!-- testlog -->
        <test-method signature="testhomepagetitle()[pri:2, instance:Day_4.Parallel_url@54e1c68b]" started-at="2024-05-22T00:14:21 IST" name="testhomepagetitle" finished-at="2024-05-22T00:14:21 IST" duration-ms="25" status="PASS">
          <reporter-output>
          </reporter-output>
        </test-method> <!-- testhomepagetitle -->
        <test-method is-config="true" signature="closeapp()[pri:0, instance:Day_4.Parallel_url@54e1c68b]" started-at="2024-05-22T00:14:21 IST" name="closeapp" finished-at="2024-05-22T00:14:21 IST" duration-ms="83" status="PASS">
          <reporter-output>
          </reporter-output>
        </test-method> <!-- closeapp -->
      </class> <!-- Day_4.Parallel_url -->
    </test> <!-- myTest -->
  </suite> <!-- mySuite -->
</testng-results>
